0 info it worked if it ends with ok
1 verbose cli [ 'node', '/usr/local/bin/npm', 'publish' ]
2 info using npm@2.0.0-alpha-5
3 info using node@v0.10.30
4 verbose node symlink /usr/local/bin/node
5 verbose publish [ '.' ]
6 verbose cache add [ '.', null ]
7 verbose cache add spec="." args=[".",null]
8 verbose cache add local package /Users/richard/src/beaglelabs/beagle-hello
9 silly lockFile 3a52ce78- .
10 verbose lock . /Users/richard/.npm/3a52ce78-.lock
11 verbose tar pack [ '/Users/richard/.npm/beagle-hello/0.0.0/package.tgz', '.' ]
12 verbose tarball /Users/richard/.npm/beagle-hello/0.0.0/package.tgz
13 verbose folder .
14 info prepublish beagle-hello@0.0.0
15 silly lockFile 1f1177db-tar tar://.
16 verbose lock tar://. /Users/richard/.npm/1f1177db-tar.lock
17 silly lockFile abba88f6-m-beagle-hello-0-0-0-package-tgz tar:///Users/richard/.npm/beagle-hello/0.0.0/package.tgz
18 verbose lock tar:///Users/richard/.npm/beagle-hello/0.0.0/package.tgz /Users/richard/.npm/abba88f6-m-beagle-hello-0-0-0-package-tgz.lock
19 silly lockFile 1f1177db-tar tar://.
20 silly lockFile 1f1177db-tar tar://.
21 silly lockFile abba88f6-m-beagle-hello-0-0-0-package-tgz tar:///Users/richard/.npm/beagle-hello/0.0.0/package.tgz
22 silly lockFile abba88f6-m-beagle-hello-0-0-0-package-tgz tar:///Users/richard/.npm/beagle-hello/0.0.0/package.tgz
23 silly lockFile 8b2de140-d-npm-beagle-hello-0-0-0-package /Users/richard/.npm/beagle-hello/0.0.0/package
24 verbose lock /Users/richard/.npm/beagle-hello/0.0.0/package /Users/richard/.npm/8b2de140-d-npm-beagle-hello-0-0-0-package.lock
25 silly lockFile 8b2de140-d-npm-beagle-hello-0-0-0-package /Users/richard/.npm/beagle-hello/0.0.0/package
26 silly lockFile 8b2de140-d-npm-beagle-hello-0-0-0-package /Users/richard/.npm/beagle-hello/0.0.0/package
27 silly lockFile 3a52ce78- .
28 silly lockFile 3a52ce78- .
29 silly publish { name: 'beagle-hello',
29 silly publish   version: '0.0.0',
29 silly publish   description: 'Beagle hello World test module',
29 silly publish   keywords: [ 'beagle' ],
29 silly publish   main: 'index.js',
29 silly publish   scripts:
29 silly publish    { start: 'node index.js',
29 silly publish      test: 'node test/beagle-hello.tests.js' },
29 silly publish   author:
29 silly publish    { name: 'Richard Littauer',
29 silly publish      email: 'richard.littauer@gmail.com' },
29 silly publish   license: 'MIT',
29 silly publish   directories: { test: 'test' },
29 silly publish   repository:
29 silly publish    { type: 'git',
29 silly publish      url: 'https://github.com/BeagleLab/beagle-hello.git' },
29 silly publish   bugs: { url: 'https://github.com/BeagleLab/beagle-hello/issues' },
29 silly publish   homepage: 'https://github.com/BeagleLab/beagle-hello',
29 silly publish   readme: 'beagle-hello\n============\n\nA testing module\n',
29 silly publish   readmeFilename: 'README.md',
29 silly publish   gitHead: '65df0f4d0e4d3c8c195f69f307793c6f3d56ab5d',
29 silly publish   _id: 'beagle-hello@0.0.0',
29 silly publish   _shasum: 'dc4563b17de37db6a8640079184da1cb7032d76a',
29 silly publish   _from: '.' }
30 verbose mapToRegistry name beagle-hello
31 verbose mapToRegistry uri https://registry.npmjs.org/beagle-hello
32 verbose publish registryBase https://registry.npmjs.org/
33 verbose request where is /beagle-hello
34 verbose request registry https://registry.npmjs.org/
35 verbose request id c165d28e69c23464
36 verbose request url raw /beagle-hello
37 verbose request url resolving [ 'https://registry.npmjs.org/', './beagle-hello' ]
38 verbose request url resolved https://registry.npmjs.org/beagle-hello
39 verbose request where is https://registry.npmjs.org/beagle-hello
40 verbose request setting basic auth
41 info trying registry request attempt 1 at 20:22:42
42 http PUT https://registry.npmjs.org/beagle-hello
43 http 403 https://registry.npmjs.org/beagle-hello
44 verbose headers { date: 'Thu, 25 Sep 2014 03:22:42 GMT',
44 verbose headers   server: 'CouchDB/1.5.0 (Erlang OTP/R14B04)',
44 verbose headers   'content-type': 'application/json',
44 verbose headers   'cache-control': 'max-age=60',
44 verbose headers   'content-length': '2418',
44 verbose headers   'accept-ranges': 'bytes',
44 verbose headers   via: '1.1 varnish',
44 verbose headers   'x-served-by': 'cache-sjc3135-SJC',
44 verbose headers   'x-cache': 'MISS',
44 verbose headers   'x-cache-hits': '0',
44 verbose headers   'x-timer': 'S1411615362.393209,VS0,VE41',
44 verbose headers   'keep-alive': 'timeout=10, max=50',
44 verbose headers   connection: 'Keep-Alive' }
45 error publish Failed PUT 403
46 error Error: forbidden cannot modify pre-existing version: 0.0.0
46 error old={"name":"beagle-hello","version":"0.0.0","description":"Beagle hello World test module","keywords":["beagle"],"main":"index.js","scripts":{"start":"node index.js","test":"node test/beagle-hello.tests.js"},"author":{"name":"Richard Littauer","email":"richard.littauer@gmail.com"},"license":"MIT","directories":{"test":"test"},"repository":{"type":"git","url":"https://github.com/BeagleLab/beagle-hello.git"},"bugs":{"url":"https://github.com/BeagleLab/beagle-hello/issues"},"homepage":"https://github.com/BeagleLab/beagle-hello","gitHead":"e1ffb3a56f83ac9a04d8dba5a0d2cc22a1fe9fbc","_id":"beagle-hello@0.0.0","_shasum":"cc80a4e3c706612c5aacf4abcdbe0e0fb402992c","_from":".","_npmVersion":"2.0.0-alpha-5","_npmUser":{"name":"richardlitt","email":"richard.littauer@gmail.com"},"maintainers":[{"name":"richardlitt","email":"richard.littauer@gmail.com"}],"dist":{"shasum":"cc80a4e3c706612c5aacf4abcdbe0e0fb402992c","tarball":"http://registry.npmjs.org/beagle-hello/-/beagle-hello-0.0.0.tgz"}}
46 error new={"name":"beagle-hello","version":"0.0.0","description":"Beagle hello World test module","keywords":["beagle"],"main":"index.js","scripts":{"start":"node index.js","test":"node test/beagle-hello.tests.js"},"author":{"name":"Richard Littauer","email":"richard.littauer@gmail.com"},"license":"MIT","directories":{"test":"test"},"repository":{"type":"git","url":"https://github.com/BeagleLab/beagle-hello.git"},"bugs":{"url":"https://github.com/BeagleLab/beagle-hello/issues"},"homepage":"https://github.com/BeagleLab/beagle-hello","readme":"beagle-hello\u000a============\u000a\u000aA testing module\u000a","readmeFilename":"README.md","gitHead":"65df0f4d0e4d3c8c195f69f307793c6f3d56ab5d","_id":"beagle-hello@0.0.0","_shasum":"dc4563b17de37db6a8640079184da1cb7032d76a","_from":".","_npmVersion":"2.0.0-alpha-5","_npmUser":{"name":"richardlitt","email":"richard.littauer@gmail.com"},"maintainers":[{"name":"richardlitt","email":"richard.littauer@gmail.com"}],"dist":{"shasum":"dc4563b17de37db6a8640079184da1cb7032d76a","tarball":"http://registry.npmjs.org/beagle-hello/-/beagle-hello-0.0.0.tgz"}}: beagle-hello
46 error     at RegClient.<anonymous> (/usr/local/lib/node_modules/npm/node_modules/npm-registry-client/lib/request.js:313:14)
46 error     at Request._callback (/usr/local/lib/node_modules/npm/node_modules/npm-registry-client/lib/request.js:251:65)
46 error     at Request.self.callback (/usr/local/lib/node_modules/npm/node_modules/request/request.js:123:22)
46 error     at Request.emit (events.js:98:17)
46 error     at Request.<anonymous> (/usr/local/lib/node_modules/npm/node_modules/request/request.js:893:14)
46 error     at Request.emit (events.js:117:20)
46 error     at IncomingMessage.<anonymous> (/usr/local/lib/node_modules/npm/node_modules/request/request.js:844:12)
46 error     at IncomingMessage.emit (events.js:117:20)
46 error     at _stream_readable.js:938:16
46 error     at process._tickCallback (node.js:419:13)
47 error If you need help, you may report this *entire* log,
47 error including the npm and node versions, at:
47 error     <http://github.com/npm/npm/issues>
48 error System Darwin 13.3.0
49 error command "node" "/usr/local/bin/npm" "publish"
50 error cwd /Users/richard/src/beaglelabs/beagle-hello
51 error node -v v0.10.30
52 error npm -v 2.0.0-alpha-5
53 verbose exit [ 1, true ]
